[debug] ----------------------------------------------------------------------
[debug] Command:      /usr/local/Cellar/node/5.0.0/bin/node /usr/local/bin/firebase deploy
[debug] Platform:     darwin
[debug] Node Version: v5.0.0
[debug] Time:         Mon Dec 21 2015 13:21:15 GMT-0700 (MST)
[debug] ----------------------------------------------------------------------
[debug] 
[debug] >>> HTTP REQUEST GET https://admin.firebase.com/firebase/Josh-Sparks-Galvanize-Eats/token?token=XXX 
[debug] <<< HTTP RESPONSE 200
[debug] >>> HTTP REQUEST GET https://admin.firebase.com/firebase/Josh-Sparks-Galvanize-Eats/token?token=XXX 
[debug] <<< HTTP RESPONSE 200
[info] 
[info] === Deploying to 'Josh-Sparks-Galvanize-Eats'...
[info] 
[info] i  deploying hosting
[info] i  preparing . directory for upload...
[debug] >>> HTTP REQUEST PUT https://deploy.firebase.com/firebase/Josh-Sparks-Galvanize-Eats/uploads/-K65C-C7B__wstahiv4P?token=XXX&fileCount=5&message= 
[debug] <<< HTTP RESPONSE 200
[debug] ----------------------------------------------------------------------
[debug] Command:      /usr/local/Cellar/node/5.0.0/bin/node /usr/local/bin/firebase deploy
[debug] Platform:     darwin
[debug] Node Version: v5.0.0
[debug] Time:         Mon Dec 21 2015 13:22:53 GMT-0700 (MST)
[debug] ----------------------------------------------------------------------
[debug] 
[debug] >>> HTTP REQUEST GET https://admin.firebase.com/firebase/Josh-Sparks-Galvanize-Eats/token?token=XXX 
[debug] <<< HTTP RESPONSE 200
[debug] >>> HTTP REQUEST GET https://admin.firebase.com/firebase/Josh-Sparks-Galvanize-Eats/token?token=XXX 
[debug] <<< HTTP RESPONSE 200
[info] 
[info] === Deploying to 'Josh-Sparks-Galvanize-Eats'...
[info] 
[info] i  deploying hosting
[info] i  preparing . directory for upload...
[debug] >>> HTTP REQUEST PUT https://deploy.firebase.com/firebase/Josh-Sparks-Galvanize-Eats/uploads/-K65CN7kjqDrl8N-Hbr9?token=XXX&fileCount=5&message= 
[debug] <<< HTTP RESPONSE 200
[debug] ----------------------------------------------------------------------
[debug] Command:      /usr/local/Cellar/node/5.0.0/bin/node /usr/local/bin/firebase deploy
[debug] Platform:     darwin
[debug] Node Version: v5.0.0
[debug] Time:         Mon Dec 21 2015 13:24:01 GMT-0700 (MST)
[debug] ----------------------------------------------------------------------
[debug] 
[debug] >>> HTTP REQUEST GET https://admin.firebase.com/firebase/Josh-Sparks-Galvanize-Eats/token?token=XXX 
[debug] <<< HTTP RESPONSE 200
[debug] >>> HTTP REQUEST GET https://admin.firebase.com/firebase/Josh-Sparks-Galvanize-Eats/token?token=XXX 
[debug] <<< HTTP RESPONSE 200
[info] 
[info] === Deploying to 'Josh-Sparks-Galvanize-Eats'...
[info] 
[info] i  deploying hosting
[info] i  preparing . directory for upload...
[debug] >>> HTTP REQUEST PUT https://deploy.firebase.com/firebase/Josh-Sparks-Galvanize-Eats/uploads/-K65Ccieq0O36G1jMAXY?token=XXX&fileCount=6&message= 
[debug] <<< HTTP RESPONSE 200
